# JRE version: OpenJDK Runtime Environment Temurin-17.0.11+9 (17.0.11+9) (build 17.0.11+9)
# Java VM: OpenJDK 64-Bit Server VM Temurin-17.0.11+9 (17.0.11+9, mixed mode, tiered, compressed oops, compressed class ptrs, parallel gc, windows-amd64)
GC Precious Log:
 CPUs: 8 total, 8 available
 Memory: 7995M
 Large Page Support: Disabled
 NUMA Support: Disabled
 Compressed Oops: Enabled (32-bit)
 Alignments: Space 512K, Generation 512K, Heap 2M
 Heap Min Capacity: 100M
 Heap Initial Capacity: 100M
 Heap Max Capacity: 1G
 Pre-touch: Disabled
 Parallel Workers: 8
Heap:
 PSYoungGen      total 22528K, used 2326K [0x00000000eab00000, 0x00000000ec200000, 0x0000000100000000)
  eden space 22016K, 8% used [0x00000000eab00000,0x00000000eacc5cb8,0x00000000ec080000)
  from space 512K, 99% used [0x00000000ec100000,0x00000000ec17fbb8,0x00000000ec180000)
  to   space 512K, 0% used [0x00000000ec180000,0x00000000ec180000,0x00000000ec200000)
 ParOldGen       total 68608K, used 50415K [0x00000000c0000000, 0x00000000c4300000, 0x00000000eab00000)
  object space 68608K, 73% used [0x00000000c0000000,0x00000000c313bf08,0x00000000c4300000)
 Metaspace       used 73781K, committed 75136K, reserved 1179648K
  class space    used 9230K, committed 9856K, reserved 1048576K
GC Heap History (20 events):
Event: 55.163 GC heap before
{Heap before GC invocations=46 (full 3):
 PSYoungGen      total 22528K, used 22208K [0x00000000eab00000, 0x00000000ec380000, 0x0000000100000000)
  eden space 22016K, 100% used [0x00000000eab00000,0x00000000ec080000,0x00000000ec080000)
  from space 512K, 37% used [0x00000000ec300000,0x00000000ec330000,0x00000000ec380000)
  to   space 1024K, 0% used [0x00000000ec180000,0x00000000ec180000,0x00000000ec280000)
 ParOldGen       total 68608K, used 48278K [0x00000000c0000000, 0x00000000c4300000, 0x00000000eab00000)
  object space 68608K, 70% used [0x00000000c0000000,0x00000000c2f25948,0x00000000c4300000)
 Metaspace       used 70632K, committed 71936K, reserved 1114112K
  class space    used 8850K, committed 9408K, reserved 1048576K
}
Event: 55.163 GC heap after
{Heap after GC invocations=46 (full 3):
 PSYoungGen      total 23040K, used 192K [0x00000000eab00000, 0x00000000ec380000, 0x0000000100000000)
  eden space 22016K, 0% used [0x00000000eab00000,0x00000000eab00000,0x00000000ec080000)
  from space 1024K, 18% used [0x00000000ec180000,0x00000000ec1b0000,0x00000000ec280000)
  to   space 512K, 0% used [0x00000000ec300000,0x00000000ec300000,0x00000000ec380000)
 ParOldGen       total 68608K, used 48378K [0x00000000c0000000, 0x00000000c4300000, 0x00000000eab00000)
  object space 68608K, 70% used [0x00000000c0000000,0x00000000c2f3ea18,0x00000000c4300000)
 Metaspace       used 70632K, committed 71936K, reserved 1114112K
  class space    used 8850K, committed 9408K, reserved 1048576K
}
Event: 55.279 GC heap before
{Heap before GC invocations=47 (full 3):
 PSYoungGen      total 23040K, used 22208K [0x00000000eab00000, 0x00000000ec380000, 0x0000000100000000)
  eden space 22016K, 100% used [0x00000000eab00000,0x00000000ec080000,0x00000000ec080000)
  from space 1024K, 18% used [0x00000000ec180000,0x00000000ec1b0000,0x00000000ec280000)
  to   space 512K, 0% used [0x00000000ec300000,0x00000000ec300000,0x00000000ec380000)
 ParOldGen       total 68608K, used 48378K [0x00000000c0000000, 0x00000000c4300000, 0x00000000eab00000)
  object space 68608K, 70% used [0x00000000c0000000,0x00000000c2f3ea18,0x00000000c4300000)
 Metaspace       used 70632K, committed 71936K, reserved 1114112K
  class space    used 8850K, committed 9408K, reserved 1048576K
}
Event: 55.280 GC heap after
{Heap after GC invocations=47 (full 3):
 PSYoungGen      total 22528K, used 401K [0x00000000eab00000, 0x00000000ec380000, 0x0000000100000000)
  eden space 22016K, 0% used [0x00000000eab00000,0x00000000eab00000,0x00000000ec080000)
  from space 512K, 78% used [0x00000000ec300000,0x00000000ec364450,0x00000000ec380000)
  to   space 512K, 0% used [0x00000000ec280000,0x00000000ec280000,0x00000000ec300000)
 ParOldGen       total 68608K, used 48434K [0x00000000c0000000, 0x00000000c4300000, 0x00000000eab00000)
  object space 68608K, 70% used [0x00000000c0000000,0x00000000c2f4ca28,0x00000000c4300000)
 Metaspace       used 70632K, committed 71936K, reserved 1114112K
  class space    used 8850K, committed 9408K, reserved 1048576K
}
Event: 55.407 GC heap before
{Heap before GC invocations=48 (full 3):
 PSYoungGen      total 22528K, used 22417K [0x00000000eab00000, 0x00000000ec380000, 0x0000000100000000)
  eden space 22016K, 100% used [0x00000000eab00000,0x00000000ec080000,0x00000000ec080000)
  from space 512K, 78% used [0x00000000ec300000,0x00000000ec364450,0x00000000ec380000)
  to   space 512K, 0% used [0x00000000ec280000,0x00000000ec280000,0x00000000ec300000)
 ParOldGen       total 68608K, used 48434K [0x00000000c0000000, 0x00000000c4300000, 0x00000000eab00000)
  object space 68608K, 70% used [0x00000000c0000000,0x00000000c2f4ca28,0x00000000c4300000)
 Metaspace       used 70632K, committed 71936K, reserved 1114112K
  class space    used 8850K, committed 9408K, reserved 1048576K
}
Event: 55.408 GC heap after
{Heap after GC invocations=48 (full 3):
 PSYoungGen      total 22528K, used 487K [0x00000000eab00000, 0x00000000ec380000, 0x0000000100000000)
  eden space 22016K, 0% used [0x00000000eab00000,0x00000000eab00000,0x00000000ec080000)
  from space 512K, 95% used [0x00000000ec280000,0x00000000ec2f9cb0,0x00000000ec300000)
  to   space 512K, 0% used [0x00000000ec300000,0x00000000ec300000,0x00000000ec380000)
 ParOldGen       total 68608K, used 48674K [0x00000000c0000000, 0x00000000c4300000, 0x00000000eab00000)
  object space 68608K, 70% used [0x00000000c0000000,0x00000000c2f88958,0x00000000c4300000)
 Metaspace       used 70632K, committed 71936K, reserved 1114112K
  class space    used 8850K, committed 9408K, reserved 1048576K
}
Event: 55.534 GC heap before
{Heap before GC invocations=49 (full 3):
 PSYoungGen      total 22528K, used 22503K [0x00000000eab00000, 0x00000000ec380000, 0x0000000100000000)
  eden space 22016K, 100% used [0x00000000eab00000,0x00000000ec080000,0x00000000ec080000)
  from space 512K, 95% used [0x00000000ec280000,0x00000000ec2f9cb0,0x00000000ec300000)
  to   space 512K, 0% used [0x00000000ec300000,0x00000000ec300000,0x00000000ec380000)
 ParOldGen       total 68608K, used 48674K [0x00000000c0000000, 0x00000000c4300000, 0x00000000eab00000)
  object space 68608K, 70% used [0x00000000c0000000,0x00000000c2f88958,0x00000000c4300000)
 Metaspace       used 70632K, committed 71936K, reserved 1114112K
  class space    used 8850K, committed 9408K, reserved 1048576K
}
Event: 55.535 GC heap after
{Heap after GC invocations=49 (full 3):
 PSYoungGen      total 22528K, used 507K [0x00000000eab00000, 0x00000000ec380000, 0x0000000100000000)
  eden space 22016K, 0% used [0x00000000eab00000,0x00000000eab00000,0x00000000ec080000)
  from space 512K, 99% used [0x00000000ec300000,0x00000000ec37eef0,0x00000000ec380000)
  to   space 1024K, 0% used [0x00000000ec180000,0x00000000ec180000,0x00000000ec280000)
 ParOldGen       total 68608K, used 49031K [0x00000000c0000000, 0x00000000c4300000, 0x00000000eab00000)
  object space 68608K, 71% used [0x00000000c0000000,0x00000000c2fe1ee0,0x00000000c4300000)
 Metaspace       used 70632K, committed 71936K, reserved 1114112K
  class space    used 8850K, committed 9408K, reserved 1048576K
}
Event: 55.655 GC heap before
{Heap before GC invocations=50 (full 3):
 PSYoungGen      total 22528K, used 22523K [0x00000000eab00000, 0x00000000ec380000, 0x0000000100000000)
  eden space 22016K, 100% used [0x00000000eab00000,0x00000000ec080000,0x00000000ec080000)
  from space 512K, 99% used [0x00000000ec300000,0x00000000ec37eef0,0x00000000ec380000)
  to   space 1024K, 0% used [0x00000000ec180000,0x00000000ec180000,0x00000000ec280000)
 ParOldGen       total 68608K, used 49031K [0x00000000c0000000, 0x00000000c4300000, 0x00000000eab00000)
  object space 68608K, 71% used [0x00000000c0000000,0x00000000c2fe1ee0,0x00000000c4300000)
 Metaspace       used 70632K, committed 71936K, reserved 1114112K
  class space    used 8850K, committed 9408K, reserved 1048576K
}
Event: 55.655 GC heap after
{Heap after GC invocations=50 (full 3):
 PSYoungGen      total 23040K, used 1021K [0x00000000eab00000, 0x00000000ec380000, 0x0000000100000000)
  eden space 22016K, 0% used [0x00000000eab00000,0x00000000eab00000,0x00000000ec080000)
  from space 1024K, 99% used [0x00000000ec180000,0x00000000ec27f7e8,0x00000000ec280000)
  to   space 1024K, 0% used [0x00000000ec280000,0x00000000ec280000,0x00000000ec380000)
 ParOldGen       total 68608K, used 49087K [0x00000000c0000000, 0x00000000c4300000, 0x00000000eab00000)
  object space 68608K, 71% used [0x00000000c0000000,0x00000000c2fefee0,0x00000000c4300000)
 Metaspace       used 70632K, committed 71936K, reserved 1114112K
  class space    used 8850K, committed 9408K, reserved 1048576K
}
Event: 55.757 GC heap before
{Heap before GC invocations=51 (full 3):
 PSYoungGen      total 23040K, used 23037K [0x00000000eab00000, 0x00000000ec380000, 0x0000000100000000)
  eden space 22016K, 100% used [0x00000000eab00000,0x00000000ec080000,0x00000000ec080000)
  from space 1024K, 99% used [0x00000000ec180000,0x00000000ec27f7e8,0x00000000ec280000)
  to   space 1024K, 0% used [0x00000000ec280000,0x00000000ec280000,0x00000000ec380000)
 ParOldGen       total 68608K, used 49087K [0x00000000c0000000, 0x00000000c4300000, 0x00000000eab00000)
  object space 68608K, 71% used [0x00000000c0000000,0x00000000c2fefee0,0x00000000c4300000)
 Metaspace       used 70632K, committed 71936K, reserved 1114112K
  class space    used 8850K, committed 9408K, reserved 1048576K
}
Event: 55.758 GC heap after
{Heap after GC invocations=51 (full 3):
 PSYoungGen      total 23040K, used 1016K [0x00000000eab00000, 0x00000000ec380000, 0x0000000100000000)
  eden space 22016K, 0% used [0x00000000eab00000,0x00000000eab00000,0x00000000ec080000)
  from space 1024K, 99% used [0x00000000ec280000,0x00000000ec37e3c0,0x00000000ec380000)
  to   space 1536K, 0% used [0x00000000ec080000,0x00000000ec080000,0x00000000ec200000)
 ParOldGen       total 68608K, used 49161K [0x00000000c0000000, 0x00000000c4300000, 0x00000000eab00000)
  object space 68608K, 71% used [0x00000000c0000000,0x00000000c3002748,0x00000000c4300000)
 Metaspace       used 70632K, committed 71936K, reserved 1114112K
  class space    used 8850K, committed 9408K, reserved 1048576K
}
Event: 55.864 GC heap before
{Heap before GC invocations=52 (full 3):
 PSYoungGen      total 23040K, used 23032K [0x00000000eab00000, 0x00000000ec380000, 0x0000000100000000)
  eden space 22016K, 100% used [0x00000000eab00000,0x00000000ec080000,0x00000000ec080000)
  from space 1024K, 99% used [0x00000000ec280000,0x00000000ec37e3c0,0x00000000ec380000)
  to   space 1536K, 0% used [0x00000000ec080000,0x00000000ec080000,0x00000000ec200000)
 ParOldGen       total 68608K, used 49161K [0x00000000c0000000, 0x00000000c4300000, 0x00000000eab00000)
  object space 68608K, 71% used [0x00000000c0000000,0x00000000c3002748,0x00000000c4300000)
 Metaspace       used 70632K, committed 71936K, reserved 1114112K
  class space    used 8850K, committed 9408K, reserved 1048576K
}
Event: 55.865 GC heap after
{Heap after GC invocations=52 (full 3):
 PSYoungGen      total 23552K, used 1118K [0x00000000eab00000, 0x00000000ec380000, 0x0000000100000000)
  eden space 22016K, 0% used [0x00000000eab00000,0x00000000eab00000,0x00000000ec080000)
  from space 1536K, 72% used [0x00000000ec080000,0x00000000ec197aa8,0x00000000ec200000)
  to   space 1536K, 0% used [0x00000000ec200000,0x00000000ec200000,0x00000000ec380000)
 ParOldGen       total 68608K, used 49209K [0x00000000c0000000, 0x00000000c4300000, 0x00000000eab00000)
  object space 68608K, 71% used [0x00000000c0000000,0x00000000c300e748,0x00000000c4300000)
 Metaspace       used 70632K, committed 71936K, reserved 1114112K
  class space    used 8850K, committed 9408K, reserved 1048576K
}
Event: 61.776 GC heap before
{Heap before GC invocations=53 (full 3):
 PSYoungGen      total 23552K, used 23134K [0x00000000eab00000, 0x00000000ec380000, 0x0000000100000000)
  eden space 22016K, 100% used [0x00000000eab00000,0x00000000ec080000,0x00000000ec080000)
  from space 1536K, 72% used [0x00000000ec080000,0x00000000ec197aa8,0x00000000ec200000)
  to   space 1536K, 0% used [0x00000000ec200000,0x00000000ec200000,0x00000000ec380000)
 ParOldGen       total 68608K, used 49209K [0x00000000c0000000, 0x00000000c4300000, 0x00000000eab00000)
  object space 68608K, 71% used [0x00000000c0000000,0x00000000c300e748,0x00000000c4300000)
 Metaspace       used 71267K, committed 72576K, reserved 1114112K
  class space    used 8957K, committed 9536K, reserved 1048576K
}
Event: 61.778 GC heap after
{Heap after GC invocations=53 (full 3):
 PSYoungGen      total 22528K, used 288K [0x00000000eab00000, 0x00000000ec280000, 0x0000000100000000)
  eden space 22016K, 0% used [0x00000000eab00000,0x00000000eab00000,0x00000000ec080000)
  from space 512K, 56% used [0x00000000ec200000,0x00000000ec248000,0x00000000ec280000)
  to   space 1024K, 0% used [0x00000000ec080000,0x00000000ec080000,0x00000000ec180000)
 ParOldGen       total 68608K, used 49225K [0x00000000c0000000, 0x00000000c4300000, 0x00000000eab00000)
  object space 68608K, 71% used [0x00000000c0000000,0x00000000c3012748,0x00000000c4300000)
 Metaspace       used 71267K, committed 72576K, reserved 1114112K
  class space    used 8957K, committed 9536K, reserved 1048576K
}
Event: 70.130 GC heap before
{Heap before GC invocations=54 (full 3):
 PSYoungGen      total 22528K, used 22304K [0x00000000eab00000, 0x00000000ec280000, 0x0000000100000000)
  eden space 22016K, 100% used [0x00000000eab00000,0x00000000ec080000,0x00000000ec080000)
  from space 512K, 56% used [0x00000000ec200000,0x00000000ec248000,0x00000000ec280000)
  to   space 1024K, 0% used [0x00000000ec080000,0x00000000ec080000,0x00000000ec180000)
 ParOldGen       total 68608K, used 49225K [0x00000000c0000000, 0x00000000c4300000, 0x00000000eab00000)
  object space 68608K, 71% used [0x00000000c0000000,0x00000000c3012748,0x00000000c4300000)
 Metaspace       used 72266K, committed 73600K, reserved 1114112K
  class space    used 9054K, committed 9664K, reserved 1048576K
}
Event: 70.132 GC heap after
{Heap after GC invocations=54 (full 3):
 PSYoungGen      total 23040K, used 727K [0x00000000eab00000, 0x00000000ec280000, 0x0000000100000000)
  eden space 22016K, 0% used [0x00000000eab00000,0x00000000eab00000,0x00000000ec080000)
  from space 1024K, 71% used [0x00000000ec080000,0x00000000ec135d28,0x00000000ec180000)
  to   space 1024K, 0% used [0x00000000ec180000,0x00000000ec180000,0x00000000ec280000)
 ParOldGen       total 68608K, used 49353K [0x00000000c0000000, 0x00000000c4300000, 0x00000000eab00000)
  object space 68608K, 71% used [0x00000000c0000000,0x00000000c3032448,0x00000000c4300000)
 Metaspace       used 72266K, committed 73600K, reserved 1114112K
  class space    used 9054K, committed 9664K, reserved 1048576K
}
Event: 71.333 GC heap before
{Heap before GC invocations=55 (full 3):
 PSYoungGen      total 23040K, used 22743K [0x00000000eab00000, 0x00000000ec280000, 0x0000000100000000)
  eden space 22016K, 100% used [0x00000000eab00000,0x00000000ec080000,0x00000000ec080000)
  from space 1024K, 71% used [0x00000000ec080000,0x00000000ec135d28,0x00000000ec180000)
  to   space 1024K, 0% used [0x00000000ec180000,0x00000000ec180000,0x00000000ec280000)
 ParOldGen       total 68608K, used 49353K [0x00000000c0000000, 0x00000000c4300000, 0x00000000eab00000)
  object space 68608K, 71% used [0x00000000c0000000,0x00000000c3032448,0x00000000c4300000)
 Metaspace       used 72523K, committed 73792K, reserved 1114112K
  class space    used 9085K, committed 9664K, reserved 1048576K
}
Event: 71.335 GC heap after
{Heap after GC invocations=55 (full 3):
 PSYoungGen      total 22528K, used 352K [0x00000000eab00000, 0x00000000ec200000, 0x0000000100000000)
  eden space 22016K, 0% used [0x00000000eab00000,0x00000000eab00000,0x00000000ec080000)
  from space 512K, 68% used [0x00000000ec180000,0x00000000ec1d8000,0x00000000ec200000)
  to   space 512K, 0% used [0x00000000ec100000,0x00000000ec100000,0x00000000ec180000)
 ParOldGen       total 68608K, used 49984K [0x00000000c0000000, 0x00000000c4300000, 0x00000000eab00000)
  object space 68608K, 72% used [0x00000000c0000000,0x00000000c30d0170,0x00000000c4300000)
 Metaspace       used 72523K, committed 73792K, reserved 1114112K
  class space    used 9085K, committed 9664K, reserved 1048576K
}

